=== Arbiter Session Started: 2026-01-05T21:11:09.405Z ===

[21:11:09] [System] TUI started
[21:11:12] arbiter: I await your words.
[21:11:12] [Context] arbiter=8.2835% orchestrator=null
[21:11:22] human: Can you add linting and formatting to this repo with Biome um and get that you know up to stuff and then uh add like GitHub workflows and like pre-commit formatting and linting and um make sure our unit tests are good to go. And like looking good and make sure all that stuff isn't like a GitHub CI workflow.
[21:11:31] arbiter: I hear your desire, mortal. You seek order in your realm—linting, formatting, the vigilance of Biome, the gatekeeping of pre-commit hooks, the watchful eye of GitHub workflows, and the assurance that your tests endure.

Yet the shape of your domain remains veiled. Before I summon those who shall do this work, I must know:

1. **The nature of your codebase** — Is this JavaScript? TypeScript? What framework, if any?

2. **What exists already** — Do you have package.json? Existing linters (ESLint, Prettier)? Existing workflows? Pre-commit hooks?

3. **Your test runner** — Jest? Vitest? Mocha? Something else?

4. **Your preferences** — Strict formatting rules or permissive? Any specific Biome configurations you desire?

5. **The scope of workflows** — Should CI run on pull requests? Pushes to main? Both?

Speak plainly, that I may instruct my servants with precision.
[21:11:32] [Context] arbiter=8.324% orchestrator=null
[21:11:59] human: Yes please take a look at the code and then ask questions if you have them! Yeah add vitest
[21:12:59] arbiter: The veil is lifted. I see clearly now.

**Your realm:**
- A TypeScript Node.js project — "The Arbiter" (how fitting)
- ES Modules, strict TypeScript, Blessed for terminal UI
- **No linting, no formatting, no Biome**
- **No GitHub workflows**
- **No pre-commit hooks**
- **No test framework** — only custom test scripts run directly with tsx

**What shall be wrought:**
1. Biome for linting and formatting
2. Vitest for unit testing (as you requested)
3. Pre-commit hooks (likely via Husky + lint-staged)
4. GitHub CI workflows for linting, formatting, and tests

Before I summon the worker, a few questions remain:

1. **Biome strictness** — Shall the rules be strict (errors on all issues) or lenient (warnings for minor infractions)?

2. **What should Vitest test?** — The existing test scripts (`test-headless.ts`, `tile-test.ts`) are integration/demo scripts. Shall the Orchestrator:
   - Create new unit test files for existing modules?
   - Convert existing test scripts to Vitest format?
   - Simply set up Vitest infrastructure, leaving test creation for later?

3. **Pre-commit scope** — Should pre-commit hooks:
   - Run formatting only (fast)?
   - Run formatting + linting (moderate)?
   - Run formatting + linting + tests (thorough but slower)?

Speak your preferences, or say "decide for me" and I shall choose wisely.
[21:12:59] [Context] arbiter=17.931% orchestrator=null
[21:13:28] human: Strict, add good thorough full tests without going crazy, moderate
[21:13:32] arbiter: So it shall be.

The weaving begins.
[21:13:57] [Context] arbiter=19.8565% orchestrator=null
[21:13:58] [Mode] arbiter_to_orchestrator
[21:14:09] Conjuring I: Now let me read the key source files to understand what's testable:
[21:14:12] arbiter: Human: Orchestrator I: Let me look at more specific parts of the codebase to understand the testable logic: [FILTERED]
[21:14:17] Conjuring I: I have a good understanding of the codebase now. Let me delegate the work to subagents. I'll start with the first task - adding Biome for linting and formatting.
[21:14:20] arbiter: Human: Orchestrator I: Now let me set up Vitest for testing. I'll start by installing it and creating the configuration: [FILTERED]
